<?xml version="1.0" encoding="UTF-8"?>
<testsuite xmlns:xsi="http://www.w3.org/2001/XMLSchema-instance" xsi:schemaLocation="https://maven.apache.org/surefire/maven-surefire-plugin/xsd/surefire-test-report.xsd" name="fr.project.parsing.parser.FileClassParserTest" time="0.042" tests="3" errors="0" skipped="0" failures="0">
  <properties>
[...]
</properties>
  <testcase name="shouldReturnOneFile" classname="fr.project.parsing.parser.FileClassParserTest" time="0.003"/>
  <testcase name="shouldThrowNullPointerExceptionWhenFileIsNull" classname="fr.project.parsing.parser.FileClassParserTest" time="0.023"/>
  <testcase name="shouldThrowIllegalArgumentExceptionWhenFileIsNotAClassFile" classname="fr.project.parsing.parser.FileClassParserTest" time="0.007"/>
</testsuite>